0 info it worked if it ends with ok
1 verbose cli [ 'node', '/usr/local/bin/npm', 'run', 'bs' ]
2 info using npm@3.3.6
3 info using node@v0.12.7
4 verbose node symlink /usr/local/bin/node
5 verbose run-script [ 'prebs', 'bs', 'postbs' ]
6 info lifecycle jeffworley.github.io@0.0.2~prebs: jeffworley.github.io@0.0.2
7 silly lifecycle jeffworley.github.io@0.0.2~prebs: no script for prebs, continuing
8 info lifecycle jeffworley.github.io@0.0.2~bs: jeffworley.github.io@0.0.2
9 verbose lifecycle jeffworley.github.io@0.0.2~bs: unsafe-perm in lifecycle true
10 verbose lifecycle jeffworley.github.io@0.0.2~bs: PATH: /usr/local/lib/node_modules/npm/bin/node-gyp-bin:/Users/jeffworley/jeffworley.github.io/node_modules/.bin:/usr/local/bin:/usr/local/sbin:/usr/bin:/bin:/usr/sbin:/sbin
11 verbose lifecycle jeffworley.github.io@0.0.2~bs: CWD: /Users/jeffworley/jeffworley.github.io
12 silly lifecycle jeffworley.github.io@0.0.2~bs: Args: [ '-c',
12 silly lifecycle   'browser-sync start --server --startPath=\'src/index.html\' --files=\'src/*.html, src/css/*.css, src/js/*.js\'' ]
13 silly lifecycle jeffworley.github.io@0.0.2~bs: Returned: code: 1  signal: null
14 info lifecycle jeffworley.github.io@0.0.2~bs: Failed to exec bs script
15 verbose stack Error: jeffworley.github.io@0.0.2 bs: `browser-sync start --server --startPath='src/index.html' --files='src/*.html, src/css/*.css, src/js/*.js'`
15 verbose stack Exit status 1
15 verbose stack     at EventEmitter.<anonymous> (/usr/local/lib/node_modules/npm/lib/utils/lifecycle.js:233:16)
15 verbose stack     at EventEmitter.emit (events.js:110:17)
15 verbose stack     at ChildProcess.<anonymous> (/usr/local/lib/node_modules/npm/lib/utils/spawn.js:24:14)
15 verbose stack     at ChildProcess.emit (events.js:110:17)
15 verbose stack     at maybeClose (child_process.js:1015:16)
15 verbose stack     at Process.ChildProcess._handle.onexit (child_process.js:1087:5)
16 verbose pkgid jeffworley.github.io@0.0.2
17 verbose cwd /Users/jeffworley/jeffworley.github.io
18 error Darwin 15.0.0
19 error argv "node" "/usr/local/bin/npm" "run" "bs"
20 error node v0.12.7
21 error npm  v3.3.6
22 error code ELIFECYCLE
23 error jeffworley.github.io@0.0.2 bs: `browser-sync start --server --startPath='src/index.html' --files='src/*.html, src/css/*.css, src/js/*.js'`
23 error Exit status 1
24 error Failed at the jeffworley.github.io@0.0.2 bs script 'browser-sync start --server --startPath='src/index.html' --files='src/*.html, src/css/*.css, src/js/*.js''.
24 error This is most likely a problem with the jeffworley.github.io package,
24 error not with npm itself.
24 error Tell the author that this fails on your system:
24 error     browser-sync start --server --startPath='src/index.html' --files='src/*.html, src/css/*.css, src/js/*.js'
24 error You can get their info via:
24 error     npm owner ls jeffworley.github.io
24 error There is likely additional logging output above.
25 verbose exit [ 1, true ]
